{"level":"INFO","message":"[4:55:45.628 PM]: Creating new connection object"}
{"level":"INFO","message":"[4:55:45.658 PM]: Creating Connection[id: 4f79d81f-b8fa-4a4e-b212-adf8d1b3dfac] with host: pn67140.central-india.azure.snowflakecomputing.com, account: pn67140, accessUrl: https://pn67140.central-india.azure.snowflakecomputing.com, user: ABHI, role: undefined, database: BUILDATHON_DB, schema: GAME_SCHEMA, warehouse: COMPUTE_WH, proxy was not configured, password is provided, region: central-india.azure, authenticator: SNOWFLAKE, ocsp mode: FAIL_OPEN, os: win32, os version: 10.0.21996"}
{"level":"INFO","message":"[4:55:45.661 PM]: Connection[id: 4f79d81f-b8fa-4a4e-b212-adf8d1b3dfac] additional details: passcode in password is provided, passcode is not provided, private key is not provided, application: undefined, client name: snowflake-sdk, client version: 2.3.4, retry timeout: 300, private key path: undefined, private key pass is not provided, client store temporary credential: false, browser response timeout: 120000"}
{"level":"INFO","message":"[4:55:45.675 PM]: Connection[id: 4f79d81f-b8fa-4a4e-b212-adf8d1b3dfac] - connection object created successfully."}
{"level":"INFO","message":"[4:55:45.715 PM]: Connection[id: 4f79d81f-b8fa-4a4e-b212-adf8d1b3dfac] - connecting. Associated Snowflake domain: GLOBAL"}
{"level":"INFO","message":"[4:55:45.766 PM]: Connection[id: 4f79d81f-b8fa-4a4e-b212-adf8d1b3dfac] - authentication successful using: SNOWFLAKE"}
{"level":"INFO","message":"[4:55:45.780 PM]: Trying to initialize Easy Logging"}
{"level":"INFO","message":"[4:55:45.820 PM]: No client config detected."}
{"level":"INFO","message":"[4:55:45.830 PM]: No config file path found. Client config will not be used."}
{"level":"INFO","message":"[4:55:45.837 PM]: Easy Logging is disabled as no config has been found"}
{"level":"ERROR","message":"[4:55:46.657 PM]: Connection[id: 4f79d81f-b8fa-4a4e-b212-adf8d1b3dfac] - connection failed after 951.73 milliseconds. Error: Request to Snowflake failed."}
{"level":"INFO","message":"[4:59:14.806 PM]: Creating new connection object"}
{"level":"INFO","message":"[4:59:14.833 PM]: Creating Connection[id: ec616b10-d46f-4f12-94cd-3f69ab1ea3d6] with host: VBFVLLQ-PN67140.snowflakecomputing.com, account: VBFVLLQ-PN67140, accessUrl: https://VBFVLLQ-PN67140.snowflakecomputing.com, user: ABHI, role: undefined, database: BUILDATHON_DB, schema: GAME_SCHEMA, warehouse: COMPUTE_WH, proxy was not configured, password is provided, region: undefined, authenticator: SNOWFLAKE, ocsp mode: FAIL_OPEN, os: win32, os version: 10.0.21996"}
{"level":"INFO","message":"[4:59:14.840 PM]: Connection[id: ec616b10-d46f-4f12-94cd-3f69ab1ea3d6] additional details: passcode in password is provided, passcode is not provided, private key is not provided, application: undefined, client name: snowflake-sdk, client version: 2.3.4, retry timeout: 300, private key path: undefined, private key pass is not provided, client store temporary credential: false, browser response timeout: 120000"}
{"level":"INFO","message":"[4:59:14.853 PM]: Connection[id: ec616b10-d46f-4f12-94cd-3f69ab1ea3d6] - connection object created successfully."}
{"level":"INFO","message":"[4:59:14.857 PM]: Connection[id: ec616b10-d46f-4f12-94cd-3f69ab1ea3d6] - connecting. Associated Snowflake domain: GLOBAL"}
{"level":"INFO","message":"[4:59:14.918 PM]: Connection[id: ec616b10-d46f-4f12-94cd-3f69ab1ea3d6] - authentication successful using: SNOWFLAKE"}
{"level":"INFO","message":"[4:59:14.920 PM]: Trying to initialize Easy Logging"}
{"level":"INFO","message":"[4:59:14.968 PM]: No client config detected."}
{"level":"INFO","message":"[4:59:14.970 PM]: No config file path found. Client config will not be used."}
{"level":"INFO","message":"[4:59:14.972 PM]: Easy Logging is disabled as no config has been found"}
{"level":"INFO","message":"[4:59:16.145 PM]: Connection[id: ec616b10-d46f-4f12-94cd-3f69ab1ea3d6] - connection established successfully after 1287.49 milliseconds"}
{"level":"INFO","message":"[5:11:46.852 PM]: Creating new connection object"}
{"level":"INFO","message":"[5:11:46.896 PM]: Creating Connection[id: 89c66bfc-341f-46c8-9c4f-e647f24835b7] with host: VBFVLLQ-PN67140.snowflakecomputing.com, account: VBFVLLQ-PN67140, accessUrl: https://VBFVLLQ-PN67140.snowflakecomputing.com, user: ABHI, role: undefined, database: BUILDATHON_DB, schema: GAME_SCHEMA, warehouse: COMPUTE_WH, proxy was not configured, password is provided, region: undefined, authenticator: SNOWFLAKE, ocsp mode: FAIL_OPEN, os: win32, os version: 10.0.21996"}
{"level":"INFO","message":"[5:11:46.900 PM]: Connection[id: 89c66bfc-341f-46c8-9c4f-e647f24835b7] additional details: passcode in password is provided, passcode is not provided, private key is not provided, application: undefined, client name: snowflake-sdk, client version: 2.3.4, retry timeout: 300, private key path: undefined, private key pass is not provided, client store temporary credential: false, browser response timeout: 120000"}
{"level":"INFO","message":"[5:11:46.919 PM]: Connection[id: 89c66bfc-341f-46c8-9c4f-e647f24835b7] - connection object created successfully."}
{"level":"INFO","message":"[5:11:46.936 PM]: Connection[id: 89c66bfc-341f-46c8-9c4f-e647f24835b7] - connecting. Associated Snowflake domain: GLOBAL"}
{"level":"INFO","message":"[5:11:47.019 PM]: Connection[id: 89c66bfc-341f-46c8-9c4f-e647f24835b7] - authentication successful using: SNOWFLAKE"}
{"level":"INFO","message":"[5:11:47.024 PM]: Trying to initialize Easy Logging"}
{"level":"INFO","message":"[5:11:47.086 PM]: No client config detected."}
{"level":"INFO","message":"[5:11:47.092 PM]: No config file path found. Client config will not be used."}
{"level":"INFO","message":"[5:11:47.101 PM]: Easy Logging is disabled as no config has been found"}
{"level":"INFO","message":"[5:11:48.330 PM]: Connection[id: 89c66bfc-341f-46c8-9c4f-e647f24835b7] - connection established successfully after 1394.58 milliseconds"}
{"level":"INFO","message":"[5:20:45.366 PM]: Creating new connection object"}
{"level":"INFO","message":"[5:20:45.448 PM]: Creating Connection[id: 3cc1da8d-867a-4012-b36e-896489437ec5] with host: VBFVLLQ-PN67140.snowflakecomputing.com, account: VBFVLLQ-PN67140, accessUrl: https://VBFVLLQ-PN67140.snowflakecomputing.com, user: ABHI, role: undefined, database: BUILDATHON_DB, schema: GAME_SCHEMA, warehouse: COMPUTE_WH, proxy was not configured, password is provided, region: undefined, authenticator: SNOWFLAKE, ocsp mode: FAIL_OPEN, os: win32, os version: 10.0.21996"}
{"level":"INFO","message":"[5:20:45.492 PM]: Connection[id: 3cc1da8d-867a-4012-b36e-896489437ec5] additional details: passcode in password is provided, passcode is not provided, private key is not provided, application: undefined, client name: snowflake-sdk, client version: 2.3.4, retry timeout: 300, private key path: undefined, private key pass is not provided, client store temporary credential: false, browser response timeout: 120000"}
{"level":"INFO","message":"[5:20:45.520 PM]: Connection[id: 3cc1da8d-867a-4012-b36e-896489437ec5] - connection object created successfully."}
{"level":"INFO","message":"[5:20:45.599 PM]: Connection[id: 3cc1da8d-867a-4012-b36e-896489437ec5] - connecting. Associated Snowflake domain: GLOBAL"}
{"level":"INFO","message":"[5:20:45.680 PM]: Connection[id: 3cc1da8d-867a-4012-b36e-896489437ec5] - authentication successful using: SNOWFLAKE"}
{"level":"INFO","message":"[5:20:45.690 PM]: Trying to initialize Easy Logging"}
{"level":"INFO","message":"[5:20:45.753 PM]: No client config detected."}
{"level":"INFO","message":"[5:20:45.763 PM]: No config file path found. Client config will not be used."}
{"level":"INFO","message":"[5:20:45.766 PM]: Easy Logging is disabled as no config has been found"}
{"level":"INFO","message":"[5:20:48.152 PM]: Connection[id: 3cc1da8d-867a-4012-b36e-896489437ec5] - connection established successfully after 2553.41 milliseconds"}
